<?xml version="1.0" encoding="UTF-8"?>
<!-- Generated by org.testng.reporters.JUnitXMLReporter -->
<testsuite ignored="0" hostname="utec-5738" failures="2" tests="4" name="Parametrized Test 4" time="124.101" errors="0" timestamp="2023-05-01T16:30:16 BRT">
  <testcase classname="scripts.AddToCart" name="test" time="38.215"/>
  <testcase classname="scripts.AddToCart" name="test" time="34.717"/>
  <testcase classname="scripts.AddToCart" name="test" time="19.264">
    <failure type="java.lang.AssertionError" message="expected:&amp;lt;472.33€&amp;gt; but was:&amp;lt;472.33â‚¬&amp;gt;">
      <![CDATA[java.lang.AssertionError: expected:<472.33€> but was:<472.33â‚¬>
at scripts.AddToCart.test(AddToCart.java:41)
at java.base/java.util.ArrayList.forEach(ArrayList.java:1511)
... Removed 32 stack frames]]>
    </failure>
  </testcase> <!-- test -->
  <testcase classname="scripts.AddToCart" name="test" time="30.885">
    <failure type="java.lang.AssertionError" message="expected:&amp;lt;96.66€&amp;gt; but was:&amp;lt;96.66â‚¬&amp;gt;">
      <![CDATA[java.lang.AssertionError: expected:<96.66€> but was:<96.66â‚¬>
at scripts.AddToCart.test(AddToCart.java:41)
at java.base/java.util.ArrayList.forEach(ArrayList.java:1511)
... Removed 32 stack frames]]>
    </failure>
  </testcase> <!-- test -->
</testsuite> <!-- Parametrized Test 4 -->
